feature/settings/build/intermediates/manifest_merge_blame_file/debug/processDebugManifest/manifest-merger-blame-debug-report.txt
1<?xml version="1.0" encoding="utf-8"?>
2<manifest xmlns:android="http://schemas.android.com/apk/res/android"
3    package="cn.anc.dashcam.settings" >
4
5    <uses-sdk android:minSdkVersion="24" />
5-->INJECTED
5-->INJECTED
6
7    <application>
7-->src\main\AndroidManifest.xml:4:5-37:19
8        <activity
8-->src\main\AndroidManifest.xml:5:9-7:40
9            android:name="cn.anc.dashcam.settings.SettingsActivity"
9-->src\main\AndroidManifest.xml:6:13-45
10            android:exported="false" />
10-->src\main\AndroidManifest.xml:7:13-37
11
12        <activity-alias
12-->INJECTED
13            android:name="cn.anc.dashcam.settings.SettingsStandaloneLauncher"
13-->src\main\AndroidManifest.xml:22:13-55
14            android:enabled="false"
14-->INJECTED
15            android:exported="true"
15-->src\main\AndroidManifest.xml:24:13-36
16            android:label="@string/settings_title"
16-->src\main\AndroidManifest.xml:25:13-51
17            android:targetActivity="cn.anc.dashcam.settings.SettingsActivity" >
17-->src\main\AndroidManifest.xml:26:13-55
18            <intent-filter>
18-->src\main\AndroidManifest.xml:27:13-31:29
19                <action android:name="android.intent.action.MAIN" />
19-->src\main\AndroidManifest.xml:28:17-69
19-->src\main\AndroidManifest.xml:28:25-66
20
21                <category android:name="android.intent.category.LAUNCHER" />
21-->src\main\AndroidManifest.xml:30:17-77
21-->src\main\AndroidManifest.xml:30:27-74
22            </intent-filter>
23        </activity-alias>
24
25        <activity
25-->src\main\AndroidManifest.xml:8:9-10:40
26            android:name="cn.anc.dashcam.settings.LanguageSettingsActivity"
26-->src\main\AndroidManifest.xml:9:13-53
27            android:exported="false" />
27-->src\main\AndroidManifest.xml:10:13-37
28        <activity
28-->src\main\AndroidManifest.xml:11:9-13:40
29            android:name="cn.anc.dashcam.settings.ThemeSettingsActivity"
29-->src\main\AndroidManifest.xml:12:13-50
30            android:exported="false" />
30-->src\main\AndroidManifest.xml:13:13-37
31        <activity
31-->src\main\AndroidManifest.xml:14:9-16:40
32            android:name="cn.anc.dashcam.settings.ThemeColorSettingsActivity"
32-->src\main\AndroidManifest.xml:15:13-55
33            android:exported="false" />
33-->src\main\AndroidManifest.xml:16:13-37
34        <activity
34-->src\main\AndroidManifest.xml:17:9-19:40
35            android:name="cn.anc.dashcam.settings.StatusBarSettingsActivity"
35-->src\main\AndroidManifest.xml:18:13-54
36            android:exported="false" />
36-->src\main\AndroidManifest.xml:19:13-37
37
38        <meta-data
38-->src\main\AndroidManifest.xml:34:9-36:72
39            android:name="cn.anc.dashcam.route.settings"
39-->src\main\AndroidManifest.xml:35:13-57
40            android:value="cn.anc.dashcam.settings.SettingsActivity" />
40-->src\main\AndroidManifest.xml:36:13-69
41    </application>
42
43</manifest>